\BOOKMARK [0][-]{chapter.1}{Présentation du projet}{}% 1
\BOOKMARK [1][-]{section.1.1}{Sujet}{chapter.1}% 2
\BOOKMARK [1][-]{section.1.2}{Objectifs}{chapter.1}% 3
\BOOKMARK [1][-]{section.1.3}{Problématique soulevée}{chapter.1}% 4
\BOOKMARK [1][-]{section.1.4}{Hypothèse de solution}{chapter.1}% 5
\BOOKMARK [0][-]{chapter.2}{Analyse\040de\040l'existant}{}% 6
\BOOKMARK [1][-]{section.2.1}{Virtualisation}{chapter.2}% 7
\BOOKMARK [2][-]{subsection.2.1.1}{Hyperviseurs}{section.2.1}% 8
\BOOKMARK [2][-]{subsection.2.1.2}{Conteneurs}{section.2.1}% 9
\BOOKMARK [1][-]{section.2.2}{Provisionning}{chapter.2}% 10
\BOOKMARK [1][-]{section.2.3}{Benchmarking}{chapter.2}% 11
\BOOKMARK [0][-]{chapter.3}{Analyse\040des\040besoins}{}% 12
\BOOKMARK [1][-]{section.3.1}{Plan d'expériences}{chapter.3}% 13
\BOOKMARK [2][-]{subsection.3.1.1}{Sur\040les\040tests}{section.3.1}% 14
\BOOKMARK [2][-]{subsection.3.1.2}{Expérimentation disque dur}{section.3.1}% 15
\BOOKMARK [3][-]{subsubsection.3.1.2.1}{Pourquoi\040tester\040le\040disque\040dur\040?\040}{subsection.3.1.2}% 16
\BOOKMARK [3][-]{subsubsection.3.1.2.2}{Tester\040le\040disque\040dur\040sur\040quoi\040?}{subsection.3.1.2}% 17
\BOOKMARK [2][-]{subsection.3.1.3}{Expérimentation processeur}{section.3.1}% 18
\BOOKMARK [3][-]{subsubsection.3.1.3.1}{Pourquoi\040tester\040le\040processeur\040?\040}{subsection.3.1.3}% 19
\BOOKMARK [3][-]{subsubsection.3.1.3.2}{Tester\040le\040processeur\040sur\040quoi\040?\040}{subsection.3.1.3}% 20
\BOOKMARK [2][-]{subsection.3.1.4}{Expérimentation carte graphique}{section.3.1}% 21
\BOOKMARK [3][-]{subsubsection.3.1.4.1}{Pourquoi\040tester\040la\040carte\040graphique\040?\040}{subsection.3.1.4}% 22
\BOOKMARK [3][-]{subsubsection.3.1.4.2}{Tester\040la\040carte\040graphique\040sur\040quoi\040?\040}{subsection.3.1.4}% 23
\BOOKMARK [2][-]{subsection.3.1.5}{Expérimentation réseaux}{section.3.1}% 24
\BOOKMARK [3][-]{subsubsection.3.1.5.1}{Pourquoi tester le réseaux ? }{subsection.3.1.5}% 25
\BOOKMARK [3][-]{subsubsection.3.1.5.2}{Tester le réseaux sur quoi ? }{subsection.3.1.5}% 26
\BOOKMARK [1][-]{section.3.2}{Choix\040sur\040les\040outils\040de\040virtualisation}{chapter.3}% 27
\BOOKMARK [1][-]{section.3.3}{Choix d'outils d'évaluation}{chapter.3}% 28
\BOOKMARK [2][-]{subsection.3.3.1}{Outils d'évaluation personnel}{section.3.3}% 29
\BOOKMARK [2][-]{subsection.3.3.2}{Phoronix}{section.3.3}% 30
\BOOKMARK [1][-]{section.3.4}{Choix\040d'outils\040d'orchestration}{chapter.3}% 31
\BOOKMARK [2][-]{subsection.3.4.1}{Saltstack}{section.3.4}% 32
\BOOKMARK [3][-]{subsubsection.3.4.1.1}{Configuration Maître}{subsection.3.4.1}% 33
\BOOKMARK [3][-]{subsubsection.3.4.1.2}{Configuration\040Minion}{subsection.3.4.1}% 34
\BOOKMARK [3][-]{subsubsection.3.4.1.3}{Détails sur le fonctionnement général}{subsection.3.4.1}% 35
\BOOKMARK [2][-]{subsection.3.4.2}{Phoromatic}{section.3.4}% 36
\BOOKMARK [2][-]{subsection.3.4.3}{Libvirt}{section.3.4}% 37
\BOOKMARK [1][-]{section.3.5}{Impact des services de virtualisation sur les performances et donc les résultats}{chapter.3}% 38
\BOOKMARK [2][-]{subsection.3.5.1}{Impact\040d'un\040Hyperviseur}{section.3.5}% 39
\BOOKMARK [2][-]{subsection.3.5.2}{Impact\040d'un\040conteneur}{section.3.5}% 40
\BOOKMARK [0][-]{chapter.4}{Prise\040de\040positions}{}% 41
\BOOKMARK [1][-]{section.4.1}{Postulats}{chapter.4}% 42
\BOOKMARK [2][-]{subsection.4.1.1}{Les\040hyperviseurs}{section.4.1}% 43
\BOOKMARK [2][-]{subsection.4.1.2}{L'environnement}{section.4.1}% 44
\BOOKMARK [2][-]{subsection.4.1.3}{Nombres\040de\040machines}{section.4.1}% 45
\BOOKMARK [2][-]{subsection.4.1.4}{Sur\040les\040tests\040graphiques}{section.4.1}% 46
\BOOKMARK [2][-]{subsection.4.1.5}{Sur\040les\040tests\040reseaux}{section.4.1}% 47
\BOOKMARK [1][-]{section.4.2}{Les différents scénarios de tests}{chapter.4}% 48
\BOOKMARK [2][-]{subsection.4.2.1}{Scénario 1 : Web}{section.4.2}% 49
\BOOKMARK [2][-]{subsection.4.2.2}{Scénario 2 : Calcul sur processeurs}{section.4.2}% 50
\BOOKMARK [2][-]{subsection.4.2.3}{Scénario 3 : Utilisations du disque}{section.4.2}% 51
\BOOKMARK [2][-]{subsection.4.2.4}{Scénario 4 : Utilisation de la mémoire vive }{section.4.2}% 52
\BOOKMARK [2][-]{subsection.4.2.5}{Scénario 5 : Utilisation Réseaux }{section.4.2}% 53
\BOOKMARK [0][-]{chapter.5}{Résultats}{}% 54
\BOOKMARK [1][-]{section.5.1}{Partie\040Processeurs}{chapter.5}% 55
\BOOKMARK [1][-]{section.5.2}{Partie\040Disque\040dur\040}{chapter.5}% 56
\BOOKMARK [1][-]{section.5.3}{Partie Mémoire}{chapter.5}% 57
\BOOKMARK [1][-]{section.5.4}{Partie Réseaux }{chapter.5}% 58
\BOOKMARK [1][-]{section.5.5}{Partie\040Web}{chapter.5}% 59
\BOOKMARK [0][-]{chapter.6}{Bilan}{}% 60
\BOOKMARK [1][-]{section.6.1}{Annexes}{chapter.6}% 61
\BOOKMARK [-1][-]{part*.5}{Annexes}{}% 62
\BOOKMARK [0][-]{chapter*.6}{Annexe\0401}{part*.5}% 63
\BOOKMARK [1][-]{section.6.1}{Partie\0401}{chapter*.6}% 64
\BOOKMARK [2][-]{subsection.6.1.1}{Sous-partie\0401}{section.6.1}% 65
\BOOKMARK [2][-]{subsection.6.1.2}{Sous-partie\0402}{section.6.1}% 66
\BOOKMARK [2][-]{subsection.6.1.3}{Sous-partie\0403}{section.6.1}% 67
\BOOKMARK [1][-]{section.6.2}{Partie\0402}{chapter*.6}% 68
\BOOKMARK [2][-]{subsection.6.2.1}{Sous-partie\0401}{section.6.2}% 69
\BOOKMARK [2][-]{subsection.6.2.2}{Sous-partie\0402}{section.6.2}% 70
\BOOKMARK [2][-]{subsection.6.2.3}{Sous-partie\0403}{section.6.2}% 71
\BOOKMARK [0][-]{chapter*.7}{Annexe\0402}{part*.5}% 72
\BOOKMARK [1][-]{section*.8}{Prérequis}{chapter*.7}% 73
\BOOKMARK [1][-]{section.6.1}{Partie\0401}{chapter*.7}% 74
\BOOKMARK [2][-]{subsection.6.1.1}{Sous-parie\0401}{section.6.1}% 75
\BOOKMARK [2][-]{subsection.6.1.2}{Sous-parie\0402}{section.6.1}% 76
\BOOKMARK [1][-]{section.6.2}{Partie\0402}{chapter*.7}% 77
\BOOKMARK [1][-]{section.6.3}{Partie\0403}{chapter*.7}% 78
